Performing C SOURCE FILE Test CMAKE_HAVE_LIBC_PTHREAD failed with the following output:
Change Dir: /home/yiheng/Projects/USV_realtime_map/simulator/build/CMakeFiles/CMakeScratch/TryCompile-la3wp7

Run Build Command(s):/usr/bin/make -f Makefile cmTC_1cb77/fast && /usr/bin/make  -f CMakeFiles/cmTC_1cb77.dir/build.make CMakeFiles/cmTC_1cb77.dir/build
make[1]: Entering directory '/home/yiheng/Projects/USV_realtime_map/simulator/build/CMakeFiles/CMakeScratch/TryCompile-la3wp7'
Building C object CMakeFiles/cmTC_1cb77.dir/src.c.o
/usr/bin/cc -DCMAKE_HAVE_LIBC_PTHREAD   -o CMakeFiles/cmTC_1cb77.dir/src.c.o -c /home/yiheng/Projects/USV_realtime_map/simulator/build/CMakeFiles/CMakeScratch/TryCompile-la3wp7/src.c
Linking C executable cmTC_1cb77
/home/yiheng/.local/lib/python3.8/site-packages/cmake/data/bin/cmake -E cmake_link_script CMakeFiles/cmTC_1cb77.dir/link.txt --verbose=1
/usr/bin/cc -rdynamic CMakeFiles/cmTC_1cb77.dir/src.c.o -o cmTC_1cb77 
/usr/bin/ld: CMakeFiles/cmTC_1cb77.dir/src.c.o: in function `main':
src.c:(.text+0x46): undefined reference to `pthread_create'
/usr/bin/ld: src.c:(.text+0x52): undefined reference to `pthread_detach'
/usr/bin/ld: src.c:(.text+0x5e): undefined reference to `pthread_cancel'
/usr/bin/ld: src.c:(.text+0x6f): undefined reference to `pthread_join'
collect2: error: ld returned 1 exit status
make[1]: *** [CMakeFiles/cmTC_1cb77.dir/build.make:99: cmTC_1cb77] Error 1
make[1]: Leaving directory '/home/yiheng/Projects/USV_realtime_map/simulator/build/CMakeFiles/CMakeScratch/TryCompile-la3wp7'
make: *** [Makefile:127: cmTC_1cb77/fast] Error 2


Source file was:
#include <pthread.h>

static void* test_func(void* data)
{
  return data;
}

int main(void)
{
  pthread_t thread;
  pthread_create(&thread, NULL, test_func, NULL);
  pthread_detach(thread);
  pthread_cancel(thread);
  pthread_join(thread, NULL);
  pthread_atfork(NULL, NULL, NULL);
  pthread_exit(NULL);

  return 0;
}


Determining if the function pthread_create exists in the pthreads failed with the following output:
Change Dir: /home/yiheng/Projects/USV_realtime_map/simulator/build/CMakeFiles/CMakeScratch/TryCompile-Y3JiO7

Run Build Command(s):/usr/bin/make -f Makefile cmTC_67d61/fast && /usr/bin/make  -f CMakeFiles/cmTC_67d61.dir/build.make CMakeFiles/cmTC_67d61.dir/build
make[1]: Entering directory '/home/yiheng/Projects/USV_realtime_map/simulator/build/CMakeFiles/CMakeScratch/TryCompile-Y3JiO7'
Building C object CMakeFiles/cmTC_67d61.dir/CheckFunctionExists.c.o
/usr/bin/cc   -DCHECK_FUNCTION_EXISTS=pthread_create -o CMakeFiles/cmTC_67d61.dir/CheckFunctionExists.c.o -c /home/yiheng/Projects/USV_realtime_map/simulator/build/CMakeFiles/CMakeScratch/TryCompile-Y3JiO7/CheckFunctionExists.c
Linking C executable cmTC_67d61
/home/yiheng/.local/lib/python3.8/site-packages/cmake/data/bin/cmake -E cmake_link_script CMakeFiles/cmTC_67d61.dir/link.txt --verbose=1
/usr/bin/cc  -DCHECK_FUNCTION_EXISTS=pthread_create -rdynamic CMakeFiles/cmTC_67d61.dir/CheckFunctionExists.c.o -o cmTC_67d61  -lpthreads 
/usr/bin/ld: cannot find -lpthreads
collect2: error: ld returned 1 exit status
make[1]: *** [CMakeFiles/cmTC_67d61.dir/build.make:99: cmTC_67d61] Error 1
make[1]: Leaving directory '/home/yiheng/Projects/USV_realtime_map/simulator/build/CMakeFiles/CMakeScratch/TryCompile-Y3JiO7'
make: *** [Makefile:127: cmTC_67d61/fast] Error 2



